{"version":1,"ops":[{"type":1,"author":{"id":"dc64d6d260e2683565fe6e13d60cfbe9fec0fa09"},"timestamp":1426199783,"metadata":{"github-id":"MDU6SXNzdWU2MDkyMzE4Nw==","github-url":"https://github.com/rurban/perl-compiler/issues/22","origin":"github"},"title":"bytecode32.plc segfault on 5.12 (blead)","message":"Original [issue 20](https://code.google.com/p/perl-compiler/issues/detail?id=20) created by rurban on 2010-02-09T21:17:11.000Z:\n\nt/asmdata.t ....... ok  \nt/assembler.t ..... ok  \nt/b.t ............. ok  \nt/bblock.t ........ ok  \nt/bytecode.t ...... 30/39 sh: line 1:  4243 Segmentation fault  \n/usr/local/cpanel/bin/perl -Mblib -MByteLoader \u0026quot;bytecode32.plc\u0026quot; 2\u0026gt;\u0026amp;1\nt/bytecode.t ...... Failed 2/39 subtests \nt/c.t ............. 30/39 1 at ccode32 line 1.\n    ...propagated at ccode32 line 1.\nt/c.t ............. 37/39 Undefined subroutine \u0026amp;re::is_regexp called at \nccode39 line 2.\nt/c.t ............. Failed 2/39 subtests \nt/c_allow_opts.t .. ok  \nt/c_argv.t ........ ok  \nt/c_o1.t .......... 29/39 1 at ccode32 line 1.\n    ...propagated at ccode32 line 1.\nt/c_o1.t .......... 37/39 Undefined subroutine \u0026amp;re::is_regexp called at \nccode39 line 2.\nt/c_o1.t .......... Failed 2/39 subtests \nt/c_o2.t .......... 31/39 1 at ccode32 line 1.\n    ...propagated at ccode32 line 1.\nt/c_o2.t .......... 36/39 Undefined subroutine \u0026amp;re::is_regexp called at \nccode39 line 2.\nt/c_o2.t .......... Failed 2/39 subtests \nt/c_o3.t .......... 30/39 1 at ccode32 line 1.\n    ...propagated at ccode32 line 1.\nt/c_o3.t .......... 37/39 Undefined subroutine \u0026amp;re::is_regexp called at \nccode39 line 2.\nt/c_o3.t .......... Failed 2/39 subtests \nt/c_o4.t .......... 17/39 Sort subroutine didn't return single value.\nt/c_o4.t .......... 24/39 Sort subroutine didn't return single value.\nt/c_o4.t .......... 30/39 1.\n    ...propagated.\nt/c_o4.t .......... 38/39 Undefined subroutine \u0026amp;re::is_regexp called.\nt/c_o4.t .......... Failed 2/39 subtests \nt/cc.t ............ 23/103 cccode25.c: In function `perl_init_aaaa':\ncccode25.c:294: warning: cast from pointer to integer of different size\ncccode25.c: In function`pp_sort10111504':\ncccode25.c:443: error: label `lab_5039a0' used but not defined\n    #256\n    t/cc.t ............ 38/103 Undefined subroutine \u0026amp;re::is_regexp called at \n    cccode39 line 2.\n    t/cc.t ............ Failed 2/103 subtests \n        (less 61 skipped subtests: 40 okay)\n    t/cc_o1.t ......... 25/103 cccode25_o1.c: In function`perl_init_aaaa':\n    cccode25_o1.c:296: warning: cast from pointer to integer of different size\n    cccode25_o1.c: In function `pp_sort10111504':\n    cccode25_o1.c:444: error: label`lab_5039a0' used but not defined\n    #256\n    Attempt to free unreferenced scalar: SV 0x548668.\n    t/cc_o1.t ......... 37/103 Undefined subroutine \u0026amp;re::is_regexp called at \n    cccode39 line 2.\n    t/cc_o1.t ......... Failed 1/103 subtests \n        (less 61 skipped subtests: 41 okay)\n    t/cc_o2.t ......... 15/103 panic: attempt to copy freed scalar 548668 to \n    548608.\n    t/cc_o2.t ......... 24/103 cccode25_o2.c: In function `perl_init_aaaa':\n    cccode25_o2.c:296: warning: cast from pointer to integer of different size\n    cccode25_o2.c: In function`pp_sort10111504':\n    cccode25_o2.c:441: error: label `lab_5039a0' used but not defined\n    #256\n    t/cc_o2.t ......... 36/103 Undefined subroutine \u0026amp;re::is_regexp called at \n    cccode39 line 2.\n    t/cc_o2.t ......... Failed 1/103 subtests \n        (less 61 skipped subtests: 41 okay)","files":null}]}